  [1m[35m (0.2ms)[0m  [1m[34mSELECT sqlite_version(*)[0m
  [1m[35m (152.2ms)[0m  [1m[35mCREATE TABLE "schema_migrations" ("version" varchar NOT NULL PRIMARY KEY)[0m
  [1m[35m (154.2ms)[0m  [1m[35mCREATE TABLE "ar_internal_metadata" ("key" varchar NOT NULL PRIMARY KEY, "value" varchar, "created_at" datetime NOT NULL, "updated_at" datetime NOT NULL)[0m
  [1m[35m (0.2ms)[0m  [1m[34mSELECT "schema_migrations"."version" FROM "schema_migrations" ORDER BY "schema_migrations"."version" ASC[0m
Migrating to CreatePosts (20180329195156)
  [1m[35m (0.1ms)[0m  [1m[36mbegin transaction[0m
  [1m[35m (0.8ms)[0m  [1m[35mCREATE TABLE "posts" ("id" INTEGER PRIMARY KEY AUTOINCREMENT NOT NULL, "title" varchar, "summary" text, "body" text, "created_at" datetime NOT NULL, "updated_at" datetime NOT NULL)[0m
  [1m[35mSQL (0.2ms)[0m  [1m[32mINSERT INTO "schema_migrations" ("version") VALUES (?)[0m  [["version", "20180329195156"]]
  [1m[35m (110.3ms)[0m  [1m[36mcommit transaction[0m
  [1m[36mActiveRecord::InternalMetadata Load (0.3ms)[0m  [1m[34mSELECT  "ar_internal_metadata".* FROM "ar_internal_metadata" WHERE "ar_internal_metadata"."key" = ? LIMIT ?[0m  [["key", "environment"], ["LIMIT", 1]]
  [1m[35m (0.1ms)[0m  [1m[36mbegin transaction[0m
  [1m[35mSQL (0.4ms)[0m  [1m[32mINSERT INTO "ar_internal_metadata" ("key", "value", "created_at", "updated_at") VALUES (?, ?, ?, ?)[0m  [["key", "environment"], ["value", "development"], ["created_at", "2018-03-29 19:52:49.658304"], ["updated_at", "2018-03-29 19:52:49.658304"]]
  [1m[35m (65.5ms)[0m  [1m[36mcommit transaction[0m
  [1m[35m (0.2ms)[0m  [1m[34mSELECT "schema_migrations"."version" FROM "schema_migrations" ORDER BY "schema_migrations"."version" ASC[0m
Started GET "/" for 127.0.0.1 at 2018-03-29 23:07:39 +0300
  [1m[35m (0.2ms)[0m  [1m[34mSELECT "schema_migrations"."version" FROM "schema_migrations" ORDER BY "schema_migrations"."version" ASC[0m
Processing by Rails::WelcomeController#index as HTML
  Rendering /home/vova/.rvm/gems/ruby-2.4.2/gems/railties-5.1.5/lib/rails/templates/rails/welcome/index.html.erb
  Rendered /home/vova/.rvm/gems/ruby-2.4.2/gems/railties-5.1.5/lib/rails/templates/rails/welcome/index.html.erb (2.4ms)
Completed 200 OK in 54ms (Views: 31.2ms | ActiveRecord: 0.0ms)


Started GET "/posts" for 127.0.0.1 at 2018-03-29 23:07:45 +0300
  
ActionController::RoutingError (No route matches [GET] "/posts"):
  
actionpack (5.1.5) lib/action_dispatch/middleware/debug_exceptions.rb:63:in `call'
web-console (3.5.1) lib/web_console/middleware.rb:135:in `call_app'
web-console (3.5.1) lib/web_console/middleware.rb:28:in `block in call'
web-console (3.5.1) lib/web_console/middleware.rb:18:in `catch'
web-console (3.5.1) lib/web_console/middleware.rb:18:in `call'
actionpack (5.1.5) lib/action_dispatch/middleware/show_exceptions.rb:31:in `call'
railties (5.1.5) lib/rails/rack/logger.rb:36:in `call_app'
railties (5.1.5) lib/rails/rack/logger.rb:24:in `block in call'
activesupport (5.1.5) lib/active_support/tagged_logging.rb:69:in `block in tagged'
activesupport (5.1.5) lib/active_support/tagged_logging.rb:26:in `tagged'
activesupport (5.1.5) lib/active_support/tagged_logging.rb:69:in `tagged'
railties (5.1.5) lib/rails/rack/logger.rb:24:in `call'
sprockets-rails (3.2.1) lib/sprockets/rails/quiet_assets.rb:13:in `call'
actionpack (5.1.5) lib/action_dispatch/middleware/remote_ip.rb:79:in `call'
actionpack (5.1.5) lib/action_dispatch/middleware/request_id.rb:25:in `call'
rack (2.0.4) lib/rack/method_override.rb:22:in `call'
rack (2.0.4) lib/rack/runtime.rb:22:in `call'
activesupport (5.1.5) lib/active_support/cache/strategy/local_cache_middleware.rb:27:in `call'
actionpack (5.1.5) lib/action_dispatch/middleware/executor.rb:12:in `call'
actionpack (5.1.5) lib/action_dispatch/middleware/static.rb:125:in `call'
rack (2.0.4) lib/rack/sendfile.rb:111:in `call'
railties (5.1.5) lib/rails/engine.rb:522:in `call'
puma (3.11.3) lib/puma/configuration.rb:225:in `call'
puma (3.11.3) lib/puma/server.rb:624:in `handle_request'
puma (3.11.3) lib/puma/server.rb:438:in `process_client'
puma (3.11.3) lib/puma/server.rb:302:in `block in run'
puma (3.11.3) lib/puma/thread_pool.rb:120:in `block in spawn_thread'
Started GET "/posts" for 127.0.0.1 at 2018-03-29 23:08:28 +0300
Processing by PostsController#index as HTML
  Rendering posts/index.html.erb within layouts/application
  Rendered posts/index.html.erb within layouts/application (4.0ms)
Completed 500 Internal Server Error in 40ms


  
ActionView::Template::Error (undefined method `each' for nil:NilClass):
    4:     <th>Text</th>
    5:   </tr>
    6:  
    7:   <% @articles.each do |article| %>
    8:     <tr>
    9:       <td><%= link_to  "#{article.title}", article_path(article) %> </td>
   10:       <td><%= article.text %></td>
  
app/views/posts/index.html.erb:7:in `_app_views_posts_index_html_erb__4479704388411390031_70049140115580'
Started GET "/posts" for 127.0.0.1 at 2018-03-29 23:13:49 +0300
Processing by PostsController#index as HTML
  Rendering posts/index.html.erb within layouts/application
  Rendered posts/index.html.erb within layouts/application (3.2ms)
Completed 500 Internal Server Error in 16ms


  
ActionView::Template::Error (undefined method `each' for nil:NilClass):
    4:     <th>Text</th>
    5:   </tr>
    6:  
    7:   <% @articles.each do |article| %>
    8:     <tr>
    9:       <td><%= link_to  "#{article.title}", article_path(article) %> </td>
   10:       <td><%= article.text %></td>
  
app/views/posts/index.html.erb:7:in `_app_views_posts_index_html_erb__4479704388411390031_70049309565240'
Started GET "/posts/index" for 127.0.0.1 at 2018-03-29 23:13:57 +0300
Processing by PostsController#show as HTML
  Parameters: {"id"=>"index"}
  Rendering posts/show.html.erb within layouts/application
  Rendered posts/show.html.erb within layouts/application (3.7ms)
Completed 500 Internal Server Error in 37ms


  
ActionView::Template::Error (undefined method `title' for nil:NilClass):
    1: <h1><%= @article.title %></h1>
    2: <p>
    3: 	<%= @article.text %>
    4: </p>
  
app/views/posts/show.html.erb:1:in `_app_views_posts_show_html_erb___4097095932937204874_70049138593680'
Started GET "/posts/index" for 127.0.0.1 at 2018-03-29 23:15:09 +0300
Processing by PostsController#show as HTML
  Parameters: {"id"=>"index"}
  Rendering posts/show.html.erb within layouts/application
  Rendered posts/show.html.erb within layouts/application (2.1ms)
Completed 500 Internal Server Error in 4ms


  
ActionView::Template::Error (undefined method `title' for nil:NilClass):
    1: <h1><%= @article.title %></h1>
    2: <p>
    3: 	<%= @article.text %>
    4: </p>
  
app/views/posts/show.html.erb:1:in `_app_views_posts_show_html_erb___4097095932937204874_70049440289320'
Started GET "/posts/index" for 127.0.0.1 at 2018-03-29 23:19:37 +0300
Processing by PostsController#show as HTML
  Parameters: {"id"=>"index"}
  Rendering posts/show.html.erb within layouts/application
  Rendered posts/show.html.erb within layouts/application (2.1ms)
Completed 500 Internal Server Error in 4ms


  
ActionView::Template::Error (undefined method `title' for nil:NilClass):
    1: <h1><%= @post.title %></h1>
    2: <p>
    3: 	<%= @post.text %>
    4: </p>
  
app/views/posts/show.html.erb:1:in `_app_views_posts_show_html_erb___4097095932937204874_70049141124300'
Started GET "/posts/index" for 127.0.0.1 at 2018-03-29 23:21:41 +0300
Processing by PostsController#show as HTML
  Parameters: {"id"=>"index"}
  [1m[36mPost Load (10.5ms)[0m  [1m[34mSELECT  "posts".* FROM "posts" WHERE "posts"."id" = ? LIMIT ?[0m  [["id", 0], ["LIMIT", 1]]
Completed 404 Not Found in 63ms (ActiveRecord: 12.0ms)


  
ActiveRecord::RecordNotFound (Couldn't find Post with 'id'=index):
  
app/controllers/posts_controller.rb:8:in `show'
Started GET "/posts/index" for 127.0.0.1 at 2018-03-29 23:23:58 +0300
Processing by PostsController#show as HTML
  Parameters: {"id"=>"index"}
  [1m[36mPost Load (0.3ms)[0m  [1m[34mSELECT  "posts".* FROM "posts" WHERE "posts"."id" = ? LIMIT ?[0m  [["id", 0], ["LIMIT", 1]]
Completed 404 Not Found in 8ms (ActiveRecord: 1.4ms)


  
ActiveRecord::RecordNotFound (Couldn't find Post with 'id'=index):
  
app/controllers/posts_controller.rb:8:in `show'
Started GET "/posts/index" for 127.0.0.1 at 2018-03-29 23:23:59 +0300
Processing by PostsController#show as HTML
  Parameters: {"id"=>"index"}
  [1m[36mPost Load (0.4ms)[0m  [1m[34mSELECT  "posts".* FROM "posts" WHERE "posts"."id" = ? LIMIT ?[0m  [["id", 0], ["LIMIT", 1]]
Completed 404 Not Found in 2ms (ActiveRecord: 0.4ms)


  
ActiveRecord::RecordNotFound (Couldn't find Post with 'id'=index):
  
app/controllers/posts_controller.rb:8:in `show'
Started GET "/posts/index" for 127.0.0.1 at 2018-03-29 23:23:59 +0300
Processing by PostsController#show as HTML
  Parameters: {"id"=>"index"}
  [1m[36mPost Load (0.2ms)[0m  [1m[34mSELECT  "posts".* FROM "posts" WHERE "posts"."id" = ? LIMIT ?[0m  [["id", 0], ["LIMIT", 1]]
Completed 404 Not Found in 2ms (ActiveRecord: 0.2ms)


  
ActiveRecord::RecordNotFound (Couldn't find Post with 'id'=index):
  
app/controllers/posts_controller.rb:8:in `show'
Started GET "/posts/index" for 127.0.0.1 at 2018-03-29 23:24:00 +0300
Processing by PostsController#show as HTML
  Parameters: {"id"=>"index"}
  [1m[36mPost Load (0.2ms)[0m  [1m[34mSELECT  "posts".* FROM "posts" WHERE "posts"."id" = ? LIMIT ?[0m  [["id", 0], ["LIMIT", 1]]
Completed 404 Not Found in 2ms (ActiveRecord: 0.2ms)


  
ActiveRecord::RecordNotFound (Couldn't find Post with 'id'=index):
  
app/controllers/posts_controller.rb:8:in `show'
Started GET "/posts/index" for 127.0.0.1 at 2018-03-29 23:24:00 +0300
Processing by PostsController#show as HTML
  Parameters: {"id"=>"index"}
  [1m[36mPost Load (0.1ms)[0m  [1m[34mSELECT  "posts".* FROM "posts" WHERE "posts"."id" = ? LIMIT ?[0m  [["id", 0], ["LIMIT", 1]]
Completed 404 Not Found in 1ms (ActiveRecord: 0.1ms)


  
ActiveRecord::RecordNotFound (Couldn't find Post with 'id'=index):
  
app/controllers/posts_controller.rb:8:in `show'
Started GET "/posts/index" for 127.0.0.1 at 2018-03-29 23:24:00 +0300
Processing by PostsController#show as HTML
  Parameters: {"id"=>"index"}
  [1m[36mPost Load (0.1ms)[0m  [1m[34mSELECT  "posts".* FROM "posts" WHERE "posts"."id" = ? LIMIT ?[0m  [["id", 0], ["LIMIT", 1]]
Completed 404 Not Found in 1ms (ActiveRecord: 0.1ms)


  
ActiveRecord::RecordNotFound (Couldn't find Post with 'id'=index):
  
app/controllers/posts_controller.rb:8:in `show'
Started GET "/posts/index" for 127.0.0.1 at 2018-03-29 23:24:00 +0300
Processing by PostsController#show as HTML
  Parameters: {"id"=>"index"}
  [1m[36mPost Load (0.3ms)[0m  [1m[34mSELECT  "posts".* FROM "posts" WHERE "posts"."id" = ? LIMIT ?[0m  [["id", 0], ["LIMIT", 1]]
Completed 404 Not Found in 3ms (ActiveRecord: 0.3ms)


  
ActiveRecord::RecordNotFound (Couldn't find Post with 'id'=index):
  
app/controllers/posts_controller.rb:8:in `show'
Started GET "/posts/index" for 127.0.0.1 at 2018-03-29 23:24:00 +0300
Processing by PostsController#show as HTML
  Parameters: {"id"=>"index"}
  [1m[36mPost Load (0.2ms)[0m  [1m[34mSELECT  "posts".* FROM "posts" WHERE "posts"."id" = ? LIMIT ?[0m  [["id", 0], ["LIMIT", 1]]
Completed 404 Not Found in 2ms (ActiveRecord: 0.2ms)


  
ActiveRecord::RecordNotFound (Couldn't find Post with 'id'=index):
  
app/controllers/posts_controller.rb:8:in `show'
Started GET "/posts/index" for 127.0.0.1 at 2018-03-29 23:24:01 +0300
Processing by PostsController#show as HTML
  Parameters: {"id"=>"index"}
  [1m[36mPost Load (0.3ms)[0m  [1m[34mSELECT  "posts".* FROM "posts" WHERE "posts"."id" = ? LIMIT ?[0m  [["id", 0], ["LIMIT", 1]]
Completed 404 Not Found in 2ms (ActiveRecord: 0.3ms)


  
ActiveRecord::RecordNotFound (Couldn't find Post with 'id'=index):
  
app/controllers/posts_controller.rb:8:in `show'
Started GET "/posts/index" for 127.0.0.1 at 2018-03-29 23:24:01 +0300
Processing by PostsController#show as HTML
  Parameters: {"id"=>"index"}
  [1m[36mPost Load (0.2ms)[0m  [1m[34mSELECT  "posts".* FROM "posts" WHERE "posts"."id" = ? LIMIT ?[0m  [["id", 0], ["LIMIT", 1]]
Completed 404 Not Found in 2ms (ActiveRecord: 0.2ms)


  
ActiveRecord::RecordNotFound (Couldn't find Post with 'id'=index):
  
app/controllers/posts_controller.rb:8:in `show'
Started GET "/posts" for 127.0.0.1 at 2018-03-29 23:24:08 +0300
Processing by PostsController#index as HTML
  Rendering posts/index.html.erb within layouts/application
  [1m[36mPost Load (0.2ms)[0m  [1m[34mSELECT "posts".* FROM "posts"[0m
  Rendered posts/index.html.erb within layouts/application (1.7ms)
Completed 200 OK in 2290ms (Views: 2288.6ms | ActiveRecord: 0.2ms)


Started GET "/" for 127.0.0.1 at 2018-03-29 23:24:11 +0300
Processing by Rails::WelcomeController#index as HTML
  Rendering /home/vova/.rvm/gems/ruby-2.4.2/gems/railties-5.1.5/lib/rails/templates/rails/welcome/index.html.erb
  Rendered /home/vova/.rvm/gems/ruby-2.4.2/gems/railties-5.1.5/lib/rails/templates/rails/welcome/index.html.erb (4.0ms)
Completed 200 OK in 56ms (Views: 5.9ms | ActiveRecord: 0.0ms)


Started GET "/posts/new" for 127.0.0.1 at 2018-03-29 23:24:17 +0300
Processing by PostsController#new as HTML
  Rendering posts/new.html.erb within layouts/application
  Rendered posts/new.html.erb within layouts/application (315.0ms)
Completed 500 Internal Server Error in 319ms (ActiveRecord: 0.0ms)


  
ActionView::Template::Error (undefined local variable or method `articles_path' for #<#<Class:0x00007f6b2c40be08>:0x00007f6b3ceb8738>
Did you mean?  asset_path):
    1: <h1>New post</h1>
    2: 
    3: <%= form_for :post, url: articles_path do |f| %>
    4: 	
    5: 	<p>
    6: 		<%= f.label :title %><br />
  
app/views/posts/new.html.erb:3:in `_app_views_posts_new_html_erb___1096682882548499846_70049280151460'
Started GET "/posts/new" for 127.0.0.1 at 2018-03-29 23:24:35 +0300
Processing by PostsController#new as HTML
  Rendering posts/new.html.erb within layouts/application
  Rendered posts/new.html.erb within layouts/application (492.8ms)
Completed 200 OK in 516ms (Views: 514.5ms | ActiveRecord: 0.0ms)


Started GET "/posts/%D1%88%D1%82%D0%B2%D1%83%D1%87" for 127.0.0.1 at 2018-03-29 23:24:47 +0300
Processing by PostsController#show as HTML
  Parameters: {"id"=>"штвуч"}
  [1m[36mPost Load (0.2ms)[0m  [1m[34mSELECT  "posts".* FROM "posts" WHERE "posts"."id" = ? LIMIT ?[0m  [["id", 0], ["LIMIT", 1]]
Completed 404 Not Found in 2ms (ActiveRecord: 0.2ms)


  
ActiveRecord::RecordNotFound (Couldn't find Post with 'id'=штвуч):
  
app/controllers/posts_controller.rb:8:in `show'
Started GET "/posts/index" for 127.0.0.1 at 2018-03-29 23:24:52 +0300
Processing by PostsController#show as HTML
  Parameters: {"id"=>"index"}
  [1m[36mPost Load (0.2ms)[0m  [1m[34mSELECT  "posts".* FROM "posts" WHERE "posts"."id" = ? LIMIT ?[0m  [["id", 0], ["LIMIT", 1]]
Completed 404 Not Found in 2ms (ActiveRecord: 0.2ms)


  
ActiveRecord::RecordNotFound (Couldn't find Post with 'id'=index):
  
app/controllers/posts_controller.rb:8:in `show'
Started GET "/post/index" for 127.0.0.1 at 2018-03-29 23:25:27 +0300
  
ActionController::RoutingError (No route matches [GET] "/post/index"):
  
actionpack (5.1.5) lib/action_dispatch/middleware/debug_exceptions.rb:63:in `call'
web-console (3.5.1) lib/web_console/middleware.rb:135:in `call_app'
web-console (3.5.1) lib/web_console/middleware.rb:28:in `block in call'
web-console (3.5.1) lib/web_console/middleware.rb:18:in `catch'
web-console (3.5.1) lib/web_console/middleware.rb:18:in `call'
actionpack (5.1.5) lib/action_dispatch/middleware/show_exceptions.rb:31:in `call'
railties (5.1.5) lib/rails/rack/logger.rb:36:in `call_app'
railties (5.1.5) lib/rails/rack/logger.rb:24:in `block in call'
activesupport (5.1.5) lib/active_support/tagged_logging.rb:69:in `block in tagged'
activesupport (5.1.5) lib/active_support/tagged_logging.rb:26:in `tagged'
activesupport (5.1.5) lib/active_support/tagged_logging.rb:69:in `tagged'
railties (5.1.5) lib/rails/rack/logger.rb:24:in `call'
sprockets-rails (3.2.1) lib/sprockets/rails/quiet_assets.rb:13:in `call'
actionpack (5.1.5) lib/action_dispatch/middleware/remote_ip.rb:79:in `call'
actionpack (5.1.5) lib/action_dispatch/middleware/request_id.rb:25:in `call'
rack (2.0.4) lib/rack/method_override.rb:22:in `call'
rack (2.0.4) lib/rack/runtime.rb:22:in `call'
activesupport (5.1.5) lib/active_support/cache/strategy/local_cache_middleware.rb:27:in `call'
actionpack (5.1.5) lib/action_dispatch/middleware/executor.rb:12:in `call'
actionpack (5.1.5) lib/action_dispatch/middleware/static.rb:125:in `call'
rack (2.0.4) lib/rack/sendfile.rb:111:in `call'
railties (5.1.5) lib/rails/engine.rb:522:in `call'
puma (3.11.3) lib/puma/configuration.rb:225:in `call'
puma (3.11.3) lib/puma/server.rb:624:in `handle_request'
puma (3.11.3) lib/puma/server.rb:438:in `process_client'
puma (3.11.3) lib/puma/server.rb:302:in `block in run'
puma (3.11.3) lib/puma/thread_pool.rb:120:in `block in spawn_thread'
Started GET "/posts" for 127.0.0.1 at 2018-03-29 23:25:43 +0300
Processing by PostsController#index as HTML
  Rendering posts/index.html.erb within layouts/application
  [1m[36mPost Load (0.3ms)[0m  [1m[34mSELECT "posts".* FROM "posts"[0m
  Rendered posts/index.html.erb within layouts/application (2.3ms)
Completed 200 OK in 19ms (Views: 17.2ms | ActiveRecord: 0.3ms)


Started GET "/posts/new" for 127.0.0.1 at 2018-03-29 23:25:53 +0300
Processing by PostsController#new as HTML
  Rendering posts/new.html.erb within layouts/application
  Rendered posts/new.html.erb within layouts/application (3.2ms)
Completed 200 OK in 20ms (Views: 18.8ms | ActiveRecord: 0.0ms)


Started POST "/posts" for 127.0.0.1 at 2018-03-29 23:25:57 +0300
Processing by PostsController#create as HTML
  Parameters: {"utf8"=>"✓", "authenticity_token"=>"O+sCKNOkfI8TNb0WnTgBk66T41U6fkSPnN7GY9HNJSWf6PgTDiEPM2NYDtB1AuwyHXwbngjOwNn63vK1/7H7mw==", "post"=>{"title"=>"1", "summary"=>"1", "body"=>"1"}, "commit"=>"Save Post"}
Completed 500 Internal Server Error in 176ms (ActiveRecord: 0.0ms)


  
NameError (undefined local variable or method `post_params' for #<PostsController:0x00007f6b3d25bd18>
Did you mean?  post_path):
  
app/controllers/posts_controller.rb:15:in `create'
Started POST "/posts" for 127.0.0.1 at 2018-03-29 23:27:01 +0300
Processing by PostsController#create as HTML
  Parameters: {"utf8"=>"✓", "authenticity_token"=>"O+sCKNOkfI8TNb0WnTgBk66T41U6fkSPnN7GY9HNJSWf6PgTDiEPM2NYDtB1AuwyHXwbngjOwNn63vK1/7H7mw==", "post"=>{"title"=>"1", "summary"=>"1", "body"=>"1"}, "commit"=>"Save Post"}
  [1m[35m (0.2ms)[0m  [1m[36mbegin transaction[0m
  [1m[35mSQL (12.7ms)[0m  [1m[32mINSERT INTO "posts" ("title", "summary", "body", "created_at", "updated_at") VALUES (?, ?, ?, ?, ?)[0m  [["title", "1"], ["summary", "1"], ["body", "1"], ["created_at", "2018-03-29 20:27:01.942134"], ["updated_at", "2018-03-29 20:27:01.942134"]]
  [1m[35m (99.0ms)[0m  [1m[36mcommit transaction[0m
Redirected to http://localhost:3000/posts/1
Completed 302 Found in 141ms (ActiveRecord: 114.7ms)


Started GET "/posts/1" for 127.0.0.1 at 2018-03-29 23:27:02 +0300
Processing by PostsController#show as HTML
  Parameters: {"id"=>"1"}
  [1m[36mPost Load (0.3ms)[0m  [1m[34mSELECT  "posts".* FROM "posts" WHERE "posts"."id" = ? LIMIT ?[0m  [["id", 1], ["LIMIT", 1]]
  Rendering posts/show.html.erb within layouts/application
  Rendered posts/show.html.erb within layouts/application (6.9ms)
Completed 500 Internal Server Error in 28ms (ActiveRecord: 0.3ms)


  
ActionView::Template::Error (undefined method `text' for #<Post:0x00007f6b35928b80>):
    1: <h1><%= @post.title %></h1>
    2: <p>
    3: 	<%= @post.text %>
    4: </p>
    5: 
    6: <ul>
  
app/views/posts/show.html.erb:3:in `_app_views_posts_show_html_erb___4097095932937204874_70049216716880'
Started GET "/posts/1" for 127.0.0.1 at 2018-03-29 23:27:49 +0300
Processing by PostsController#show as HTML
  Parameters: {"id"=>"1"}
  [1m[36mPost Load (0.2ms)[0m  [1m[34mSELECT  "posts".* FROM "posts" WHERE "posts"."id" = ? LIMIT ?[0m  [["id", 1], ["LIMIT", 1]]
  Rendering posts/show.html.erb within layouts/application
  Rendered posts/show.html.erb within layouts/application (1.5ms)
Completed 200 OK in 22ms (Views: 18.8ms | ActiveRecord: 0.2ms)


Started GET "/posts" for 127.0.0.1 at 2018-03-29 23:28:01 +0300
Processing by PostsController#index as HTML
  Rendering posts/index.html.erb within layouts/application
  [1m[36mPost Load (0.3ms)[0m  [1m[34mSELECT "posts".* FROM "posts"[0m
  Rendered posts/index.html.erb within layouts/application (120.8ms)
Completed 500 Internal Server Error in 124ms (ActiveRecord: 0.3ms)


  
ActionView::Template::Error (undefined method `article_path' for #<#<Class:0x00007f6b359377c0>:0x00007f6b347e9310>):
     6:  
     7:   <% @posts.each do |post| %>
     8:     <tr>
     9:       <td><%= link_to  "#{post.title}", article_path(post) %> </td>
    10:       <td><%= post.summary %></td>
    11:       <td><%= post.body %></td>
    12:       
  
app/views/posts/index.html.erb:9:in `block in _app_views_posts_index_html_erb__4479704388411390031_70049209470580'
app/views/posts/index.html.erb:7:in `_app_views_posts_index_html_erb__4479704388411390031_70049209470580'
Started GET "/posts" for 127.0.0.1 at 2018-03-29 23:28:20 +0300
Processing by PostsController#index as HTML
  Rendering posts/index.html.erb within layouts/application
  [1m[36mPost Load (0.2ms)[0m  [1m[34mSELECT "posts".* FROM "posts"[0m
  Rendered posts/index.html.erb within layouts/application (1.3ms)
Completed 200 OK in 21ms (Views: 19.2ms | ActiveRecord: 0.2ms)


Started GET "/posts" for 127.0.0.1 at 2018-03-29 23:28:44 +0300
Processing by PostsController#index as HTML
  Rendering posts/index.html.erb within layouts/application
  [1m[36mPost Load (0.3ms)[0m  [1m[34mSELECT "posts".* FROM "posts"[0m
  Rendered posts/index.html.erb within layouts/application (2.4ms)
Completed 200 OK in 23ms (Views: 20.8ms | ActiveRecord: 0.3ms)


Started GET "/posts/nw" for 127.0.0.1 at 2018-03-29 23:28:52 +0300
Processing by PostsController#show as HTML
  Parameters: {"id"=>"nw"}
  [1m[36mPost Load (0.2ms)[0m  [1m[34mSELECT  "posts".* FROM "posts" WHERE "posts"."id" = ? LIMIT ?[0m  [["id", 0], ["LIMIT", 1]]
Completed 404 Not Found in 2ms (ActiveRecord: 0.2ms)


  
ActiveRecord::RecordNotFound (Couldn't find Post with 'id'=nw):
  
app/controllers/posts_controller.rb:8:in `show'
Started GET "/posts/new" for 127.0.0.1 at 2018-03-29 23:28:55 +0300
Processing by PostsController#new as HTML
  Rendering posts/new.html.erb within layouts/application
  Rendered posts/new.html.erb within layouts/application (2.5ms)
Completed 200 OK in 20ms (Views: 19.2ms | ActiveRecord: 0.0ms)


Started POST "/posts" for 127.0.0.1 at 2018-03-29 23:29:13 +0300
Processing by PostsController#create as HTML
  Parameters: {"utf8"=>"✓", "authenticity_token"=>"sepDx1rwASgVJwkOSZTmTtAffX8ZnDJ+BHVSs2uqVgcV6bn8h3VylGVKusihrgvvY/CFtCsstihidWZlRdaIuQ==", "post"=>{"title"=>"sdasdfsadfsdf", "summary"=>"second", "body"=>"second body"}, "commit"=>"Save Post"}
  [1m[35m (0.2ms)[0m  [1m[36mbegin transaction[0m
  [1m[35mSQL (1.4ms)[0m  [1m[32mINSERT INTO "posts" ("title", "summary", "body", "created_at", "updated_at") VALUES (?, ?, ?, ?, ?)[0m  [["title", "sdasdfsadfsdf"], ["summary", "second"], ["body", "second body"], ["created_at", "2018-03-29 20:29:13.672308"], ["updated_at", "2018-03-29 20:29:13.672308"]]
  [1m[35m (176.7ms)[0m  [1m[36mcommit transaction[0m
Redirected to http://localhost:3000/posts/2
Completed 302 Found in 185ms (ActiveRecord: 178.3ms)


Started GET "/posts/2" for 127.0.0.1 at 2018-03-29 23:29:13 +0300
Processing by PostsController#show as HTML
  Parameters: {"id"=>"2"}
  [1m[36mPost Load (0.2ms)[0m  [1m[34mSELECT  "posts".* FROM "posts" WHERE "posts"."id" = ? LIMIT ?[0m  [["id", 2], ["LIMIT", 1]]
  Rendering posts/show.html.erb within layouts/application
  Rendered posts/show.html.erb within layouts/application (0.9ms)
Completed 200 OK in 19ms (Views: 17.0ms | ActiveRecord: 0.2ms)


Started GET "/posts" for 127.0.0.1 at 2018-03-29 23:29:18 +0300
Processing by PostsController#index as HTML
  Rendering posts/index.html.erb within layouts/application
  [1m[36mPost Load (0.3ms)[0m  [1m[34mSELECT "posts".* FROM "posts"[0m
  Rendered posts/index.html.erb within layouts/application (2.5ms)
Completed 200 OK in 21ms (Views: 19.4ms | ActiveRecord: 0.3ms)


Started GET "/posts/2" for 127.0.0.1 at 2018-03-29 23:29:20 +0300
Processing by PostsController#show as HTML
  Parameters: {"id"=>"2"}
  [1m[36mPost Load (0.1ms)[0m  [1m[34mSELECT  "posts".* FROM "posts" WHERE "posts"."id" = ? LIMIT ?[0m  [["id", 2], ["LIMIT", 1]]
  Rendering posts/show.html.erb within layouts/application
  Rendered posts/show.html.erb within layouts/application (0.8ms)
Completed 200 OK in 23ms (Views: 21.8ms | ActiveRecord: 0.1ms)


Started GET "/posts" for 127.0.0.1 at 2018-03-29 23:29:21 +0300
Processing by PostsController#index as HTML
  Rendering posts/index.html.erb within layouts/application
  [1m[36mPost Load (0.2ms)[0m  [1m[34mSELECT "posts".* FROM "posts"[0m
  Rendered posts/index.html.erb within layouts/application (1.8ms)
Completed 200 OK in 23ms (Views: 21.6ms | ActiveRecord: 0.2ms)


Started GET "/posts/1" for 127.0.0.1 at 2018-03-29 23:29:25 +0300
Processing by PostsController#show as HTML
  Parameters: {"id"=>"1"}
  [1m[36mPost Load (0.2ms)[0m  [1m[34mSELECT  "posts".* FROM "posts" WHERE "posts"."id" = ? LIMIT ?[0m  [["id", 1], ["LIMIT", 1]]
  Rendering posts/show.html.erb within layouts/application
  Rendered posts/show.html.erb within layouts/application (1.0ms)
Completed 200 OK in 23ms (Views: 19.9ms | ActiveRecord: 0.2ms)


Started GET "/posts" for 127.0.0.1 at 2018-03-29 23:29:26 +0300
Processing by PostsController#index as HTML
  Rendering posts/index.html.erb within layouts/application
  [1m[36mPost Load (0.2ms)[0m  [1m[34mSELECT "posts".* FROM "posts"[0m
  Rendered posts/index.html.erb within layouts/application (1.8ms)
Completed 200 OK in 32ms (Views: 29.6ms | ActiveRecord: 0.2ms)


Started GET "/posts/2" for 127.0.0.1 at 2018-03-29 23:29:27 +0300
Processing by PostsController#show as HTML
  Parameters: {"id"=>"2"}
  [1m[36mPost Load (0.2ms)[0m  [1m[34mSELECT  "posts".* FROM "posts" WHERE "posts"."id" = ? LIMIT ?[0m  [["id", 2], ["LIMIT", 1]]
  Rendering posts/show.html.erb within layouts/application
  Rendered posts/show.html.erb within layouts/application (1.3ms)
Completed 200 OK in 26ms (Views: 23.0ms | ActiveRecord: 0.2ms)


Started GET "/posts" for 127.0.0.1 at 2018-03-29 23:29:28 +0300
Processing by PostsController#index as HTML
  Rendering posts/index.html.erb within layouts/application
  [1m[36mPost Load (0.3ms)[0m  [1m[34mSELECT "posts".* FROM "posts"[0m
  Rendered posts/index.html.erb within layouts/application (2.1ms)
Completed 200 OK in 22ms (Views: 20.5ms | ActiveRecord: 0.3ms)


Started GET "/posts/2" for 127.0.0.1 at 2018-03-29 23:29:29 +0300
Processing by PostsController#show as HTML
  Parameters: {"id"=>"2"}
  [1m[36mPost Load (0.2ms)[0m  [1m[34mSELECT  "posts".* FROM "posts" WHERE "posts"."id" = ? LIMIT ?[0m  [["id", 2], ["LIMIT", 1]]
  Rendering posts/show.html.erb within layouts/application
  Rendered posts/show.html.erb within layouts/application (1.1ms)
Completed 200 OK in 26ms (Views: 23.1ms | ActiveRecord: 0.2ms)


Started GET "/posts" for 127.0.0.1 at 2018-03-29 23:29:31 +0300
Processing by PostsController#index as HTML
  Rendering posts/index.html.erb within layouts/application
  [1m[36mPost Load (0.2ms)[0m  [1m[34mSELECT "posts".* FROM "posts"[0m
  Rendered posts/index.html.erb within layouts/application (2.2ms)
Completed 200 OK in 23ms (Views: 20.7ms | ActiveRecord: 0.2ms)


